-------------------------------------------------------------------------------
Test set: com.example.telecom.SsProject2ApplicationTests
-------------------------------------------------------------------------------
Tests run: 1, Failures: 0, Errors: 1, Skipped: 0, Time elapsed: 3.719 s <<< FAILURE! - in com.example.telecom.SsProject2ApplicationTests
contextLoads  Time elapsed: 0.009 s  <<< ERROR!
java.lang.IllegalStateException: Failed to load ApplicationContext
Caused by: org.springframework.beans.factory.BeanCreationException: Error creating bean with name 'entityManagerFactory' defined in class path resource [org/springframework/boot/autoconfigure/orm/jpa/HibernateJpaConfiguration.class]: Invocation of init method failed; nested exception is org.hibernate.AnnotationException: @OneToOne or @ManyToOne on com.example.telecom.beans.Device.accountPlanzzz references an unknown entity: com.example.telecom.beans.AccountPlan
Caused by: org.hibernate.AnnotationException: @OneToOne or @ManyToOne on com.example.telecom.beans.Device.accountPlanzzz references an unknown entity: com.example.telecom.beans.AccountPlan

